<?xml version="1.0" encoding="UTF-8"?>
<!-- Generated by org.testng.reporters.JUnitReportReporter -->
<testsuite skipped="0" hostname="user-PC" name="TestNGDataParamExcel" tests="4" failures="0" timestamp="06 May 2020 15:38:32 GMT" time="17.535" errors="0">
  <testcase name="TestNG_Param1" time="4.376" classname="TestNGDataParamExcel"/>
  <testcase name="TestNG_Param1" time="4.443" classname="TestNGDataParamExcel"/>
  <testcase name="TestNG_Param1" time="4.330" classname="TestNGDataParamExcel"/>
  <testcase name="TestNG_Param1" time="4.386" classname="TestNGDataParamExcel"/>
</testsuite> <!-- TestNGDataParamExcel -->
