<?xml version="1.0" encoding="UTF-8"?>
<!-- Generated by org.testng.reporters.JUnitReportReporter -->
<testsuite skipped="0" hostname="user-PC" name="DataParameterization.TestNGDataParamXML" tests="1" failures="0" timestamp="09 May 2020 06:59:15 GMT" time="6.410" errors="0">
  <testcase name="TestNG_Param1" time="6.410" classname="DataParameterization.TestNGDataParamXML"/>
</testsuite> <!-- DataParameterization.TestNGDataParamXML -->
