<?xml version="1.0" encoding="UTF-8"?>
<!-- Generated by org.testng.reporters.JUnitReportReporter -->
<testsuite skipped="3" hostname="user-PC" name="DataParameterization.TestNG_Param_DataProvider" tests="4" failures="0" timestamp="04 May 2020 13:42:02 GMT" time="0.012" errors="1">
  <testcase name="initilize" time="0.012" classname="DataParameterization.TestNG_Param_DataProvider">
    <error type="java.lang.NullPointerException">
      <![CDATA[java.lang.NullPointerException
	at DataParameterization.TestNG_Param_DataProvider.initilize(TestNG_Param_DataProvider.java:40)
	at sun.reflect.NativeMethodAccessorImpl.invoke0(Native Method)
	at sun.reflect.NativeMethodAccessorImpl.invoke(Unknown Source)
	at sun.reflect.DelegatingMethodAccessorImpl.invoke(Unknown Source)
	at java.lang.reflect.Method.invoke(Unknown Source)
	at org.testng.internal.MethodInvocationHelper.invokeMethod(MethodInvocationHelper.java:108)
	at org.testng.internal.Invoker.invokeConfigurationMethod(Invoker.java:523)
	at org.testng.internal.Invoker.invokeConfigurations(Invoker.java:224)
	at org.testng.internal.Invoker.invokeConfigurations(Invoker.java:146)
	at org.testng.SuiteRunner.privateRun(SuiteRunner.java:326)
	at org.testng.SuiteRunner.run(SuiteRunner.java:289)
	at org.testng.SuiteRunnerWorker.runSuite(SuiteRunnerWorker.java:52)
	at org.testng.SuiteRunnerWorker.run(SuiteRunnerWorker.java:86)
	at org.testng.TestNG.runSuitesSequentially(TestNG.java:1301)
	at org.testng.TestNG.runSuitesLocally(TestNG.java:1226)
	at org.testng.TestNG.runSuites(TestNG.java:1144)
	at org.testng.TestNG.run(TestNG.java:1115)
	at org.testng.remote.AbstractRemoteTestNG.run(AbstractRemoteTestNG.java:132)
	at org.testng.remote.RemoteTestNG.initAndRun(RemoteTestNG.java:230)
	at org.testng.remote.RemoteTestNG.main(RemoteTestNG.java:76)
]]>
    </error>
  </testcase> <!-- initilize -->
  <testcase name="TestNG_Param1" time="0.000" classname="DataParameterization.TestNG_Param_DataProvider">
    <skipped/>
  </testcase> <!-- TestNG_Param1 -->
  <testcase name="TestNG_Param1" time="0.000" classname="DataParameterization.TestNG_Param_DataProvider">
    <skipped/>
  </testcase> <!-- TestNG_Param1 -->
  <testcase name="TestNG_Param1" time="0.000" classname="DataParameterization.TestNG_Param_DataProvider">
    <skipped/>
  </testcase> <!-- TestNG_Param1 -->
</testsuite> <!-- DataParameterization.TestNG_Param_DataProvider -->
