<?xml version="1.0" encoding="UTF-8"?>
<!-- Generated by org.testng.reporters.JUnitReportReporter -->
<testsuite skipped="0" hostname="user-PC" name="Windows_Handling" tests="1" failures="0" timestamp="04 May 2020 15:04:49 GMT" time="10.933" errors="0">
  <testcase name="Windows_Handling2" time="10.933" classname="Windows_Handling"/>
</testsuite> <!-- Windows_Handling -->
