<?xml version="1.0" encoding="UTF-8"?>
<!-- Generated by org.testng.reporters.JUnitReportReporter -->
<testsuite skipped="0" hostname="user-PC" name="TestNgDataParam" tests="4" failures="0" timestamp="14 Apr 2020 09:32:36 GMT" time="9.505" errors="0">
  <testcase name="initilize" time="8.767" classname="TestNgDataParam"/>
  <testcase name="TestNG_Param1" time="0.176" classname="TestNgDataParam"/>
  <testcase name="TestNG_Param1" time="0.221" classname="TestNgDataParam"/>
  <testcase name="TestNG_Param1" time="0.341" classname="TestNgDataParam"/>
</testsuite> <!-- TestNgDataParam -->
