<?xml version="1.0" encoding="UTF-8"?>
<!-- Generated by org.testng.reporters.JUnitReportReporter -->
<testsuite skipped="0" hostname="user-PC" name="DataPrameterization" tests="1" failures="0" timestamp="07 May 2020 12:04:18 GMT" time="0.175" errors="0">
  <testcase name="WebPagetableIterate_copy_paste_table" time="0.175" classname="DataPrameterization"/>
</testsuite> <!-- DataPrameterization -->
