<?xml version="1.0" encoding="UTF-8"?>
<!-- Generated by org.testng.reporters.JUnitReportReporter -->
<testsuite skipped="0" hostname="user-PC" name="Practice.DataParamPractice" tests="2" failures="0" timestamp="07 May 2020 12:02:44 GMT" time="8.865" errors="0">
  <testcase name="initilize" time="7.920" classname="Practice.DataParamPractice"/>
  <testcase name="IterateSeleniumEasyURLTable" time="0.945" classname="Practice.DataParamPractice"/>
</testsuite> <!-- Practice.DataParamPractice -->
