<?xml version="1.0" encoding="UTF-8"?>
<!-- Generated by org.testng.reporters.JUnitReportReporter -->
<testsuite skipped="0" hostname="user-PC" name="Extra_TestNG_Annotations.IncludeGroups" tests="1" failures="0" timestamp="08 May 2020 13:38:32 GMT" time="0.016" errors="0">
  <testcase name="f" time="0.016" classname="Extra_TestNG_Annotations.IncludeGroups"/>
</testsuite> <!-- Extra_TestNG_Annotations.IncludeGroups -->
