<?xml version="1.0" encoding="UTF-8"?>
<!-- Generated by org.testng.reporters.JUnitReportReporter -->
<testsuite skipped="0" hostname="user-PC" name="TestNGDataParamOwn" tests="4" failures="0" timestamp="15 Apr 2020 08:30:17 GMT" time="15.338" errors="0">
  <testcase name="initilize" time="8.372" classname="TestNGDataParamOwn"/>
  <testcase name="TestNG_Param1" time="1.095" classname="TestNGDataParamOwn"/>
  <testcase name="TestNG_Param1" time="1.348" classname="TestNGDataParamOwn"/>
  <testcase name="TestNG_Param1" time="4.523" classname="TestNGDataParamOwn"/>
</testsuite> <!-- TestNGDataParamOwn -->
