<?xml version="1.0" encoding="UTF-8"?>
<!-- Generated by org.testng.reporters.JUnitReportReporter -->
<testsuite skipped="0" hostname="user-PC" name="DataParameterization.TestNGDataParamThriceXML" tests="3" failures="0" timestamp="04 May 2020 14:33:51 GMT" time="75.369" errors="0">
  <testcase name="filldetails" time="19.094" classname="DataParameterization.TestNGDataParamThriceXML"/>
  <testcase name="filldetails" time="16.456" classname="DataParameterization.TestNGDataParamThriceXML"/>
  <testcase name="filldetails" time="39.819" classname="DataParameterization.TestNGDataParamThriceXML"/>
</testsuite> <!-- DataParameterization.TestNGDataParamThriceXML -->
