<?xml version="1.0" encoding="UTF-8"?>
<!-- Generated by org.testng.reporters.JUnitReportReporter -->
<testsuite skipped="0" hostname="user-PC" name="TestNGAnnotations" tests="2" failures="0" timestamp="06 May 2020 14:08:53 GMT" time="0.000" errors="0">
  <testcase name="test2" time="0.000" classname="TestNGAnnotations"/>
  <testcase name="test1" time="0.000" classname="TestNGAnnotations"/>
</testsuite> <!-- TestNGAnnotations -->
