<?xml version="1.0" encoding="UTF-8"?>
<!-- Generated by org.testng.reporters.JUnitReportReporter -->
<testsuite skipped="0" hostname="user-PC" name="PopulateDropdown" tests="1" failures="0" timestamp="04 May 2020 15:09:30 GMT" time="0.111" errors="0">
  <testcase name="dropdown_url2" time="0.111" classname="PopulateDropdown"/>
</testsuite> <!-- PopulateDropdown -->
