<?xml version="1.0" encoding="UTF-8"?>
<!-- Generated by org.testng.reporters.JUnitReportReporter -->
<testsuite skipped="0" hostname="user-PC" name="Extra_TestNG_Annotations.dependsOnMethods" tests="3" failures="0" timestamp="08 May 2020 12:42:26 GMT" time="0.032" errors="0">
  <testcase name="test1" time="0.000" classname="Extra_TestNG_Annotations.dependsOnMethods"/>
  <testcase name="test2" time="0.016" classname="Extra_TestNG_Annotations.dependsOnMethods"/>
  <testcase name="abhi" time="0.016" classname="Extra_TestNG_Annotations.dependsOnMethods"/>
</testsuite> <!-- Extra_TestNG_Annotations.dependsOnMethods -->
