<?xml version="1.0" encoding="UTF-8"?>
<!-- Generated by org.testng.reporters.JUnitReportReporter -->
<testsuite skipped="0" hostname="user-PC" name="PrintWebTableToConsole" tests="1" failures="0" timestamp="07 May 2020 11:59:23 GMT" time="0.256" errors="0">
  <testcase name="Print_WebTable_To_Console3" time="0.256" classname="PrintWebTableToConsole"/>
</testsuite> <!-- PrintWebTableToConsole -->
