<?xml version="1.0" encoding="UTF-8"?>
<!-- Generated by org.testng.reporters.JUnitReportReporter -->
<testsuite skipped="0" hostname="user-PC" name="Extra_TestNG_Annotations.Enabled" tests="3" failures="0" timestamp="08 May 2020 12:32:26 GMT" time="0.047" errors="0">
  <testcase name="test02" time="0.047" classname="Extra_TestNG_Annotations.Enabled"/>
  <testcase name="test03" time="0.000" classname="Extra_TestNG_Annotations.Enabled"/>
  <testcase name="test01" time="0.000" classname="Extra_TestNG_Annotations.Enabled"/>
</testsuite> <!-- Extra_TestNG_Annotations.Enabled -->
