<?xml version="1.0" encoding="UTF-8"?>
<!-- Generated by org.testng.reporters.JUnitReportReporter -->
<testsuite skipped="0" hostname="user-PC" name="Extra_TestNG_Annotations.ExcludeGroups" tests="2" failures="0" timestamp="08 May 2020 12:57:58 GMT" time="0.016" errors="0">
  <testcase name="car3" time="0.000" classname="Extra_TestNG_Annotations.ExcludeGroups"/>
  <testcase name="bike2" time="0.016" classname="Extra_TestNG_Annotations.ExcludeGroups"/>
</testsuite> <!-- Extra_TestNG_Annotations.ExcludeGroups -->
